<?xml version="1.0" encoding="UTF-8"?>
<!-- Generated by org.testng.reporters.JUnitXMLReporter -->
<testsuite hostname="DESKTOP-6788M5A" name="Default test" tests="8" failures="0" timestamp="30 Mar 2020 15:15:37 GMT" time="1.048" errors="0">
  <testcase name="gestDisabled" time="0.019" classname="practest.Udemy.DataAnnotation"/>
  <testcase name="grouping" time="0.0" classname="practest.Udemy.DataAnnotation"/>
  <testcase name="priorityOne" time="0.0" classname="practest.Udemy.DataAnnotation"/>
  <testcase name="setData" time="0.0" classname="practest.Udemy.DataAnnotation"/>
  <testcase name="setData" time="0.0" classname="practest.Udemy.DataAnnotation"/>
  <testcase name="setData" time="0.001" classname="practest.Udemy.DataAnnotation"/>
  <testcase name="setData" time="0.005" classname="practest.Udemy.DataAnnotation"/>
  <testcase name="priorityReset" time="0.002" classname="practest.Udemy.DataAnnotation"/>
</testsuite> <!-- Default test -->
