<?xml version="1.0" encoding="UTF-8"?>
<!-- Generated by org.testng.reporters.JUnitXMLReporter -->
<testsuite hostname="DESKTOP-6788M5A" name="Test" tests="1" failures="1" timestamp="2 Apr 2020 07:36:44 GMT" time="0.985" errors="0">
  <testcase name="maindata" time="0.958" classname="practest.Udemy.HomePage">
    <failure type="java.io.FileNotFoundException" message="C:\Users\Nidhi Gupta\eclipse-practice\Udemy\dataFile.properties (The system cannot find the path specified)">
      <![CDATA[java.io.FileNotFoundException: C:\Users\Nidhi Gupta\eclipse-practice\Udemy\dataFile.properties (The system cannot find the path specified)
	at java.io.FileInputStream.open0(Native Method)
	at java.io.FileInputStream.open(FileInputStream.java:195)
	at java.io.FileInputStream.<init>(FileInputStream.java:138)
	at java.io.FileInputStream.<init>(FileInputStream.java:93)
	at practest.Udemy.Base.initializeDriver(Base.java:22)
	at practest.Udemy.InitialSteps.SignUp(InitialSteps.java:49)
	at practest.Udemy.HomePage.maindata(HomePage.java:21)
... Removed 24 stack frames]]>
    </failure>
  </testcase> <!-- maindata -->
</testsuite> <!-- Test -->
